<?xml version="1.0" encoding="UTF-8"?>
<!-- Generated by org.testng.reporters.JUnitReportReporter -->
<testsuite hostname="LAPTOP-L00DVKK3" failures="0" tests="1" name="PBModule2Test.PBTestClass" time="5.459" errors="0" timestamp="2023-01-16T23:48:15 IST" skipped="0">
  <testcase classname="PBModule2Test.PBTestClass" name="TLInsurance" time="5.459"/>
  <system-out/>
</testsuite> <!-- PBModule2Test.PBTestClass -->
